<?xml version="1.0" encoding="UTF-8"?>
<testng-results ignored="0" total="2" passed="2" failed="0" skipped="0">
  <reporter-output>
  </reporter-output>
  <suite started-at="2023-07-02T10:58:26 EDT" name="Default suite" finished-at="2023-07-02T10:58:44 EDT" duration-ms="18163">
    <groups>
      <group name="cucumber">
        <method signature="AbstractTestNGCucumberTests.runScenario(io.cucumber.testng.PickleWrapper,io.cucumber.testng.FeatureWrapper)[pri:0, instance:com.regression.Runnerfile@60bd273d]" name="runScenario" class="io.cucumber.testng.AbstractTestNGCucumberTests"/>
      </group> <!-- cucumber -->
    </groups>
    <test started-at="2023-07-02T10:58:26 EDT" name="Default test" finished-at="2023-07-02T10:58:44 EDT" duration-ms="18163">
      <class name="com.regression.Runnerfile">
        <test-method is-config="true" signature="setUpClass(org.testng.ITestContext)[pri:0, instance:com.regression.Runnerfile@60bd273d]" started-at="2023-07-02T10:58:26 EDT" name="setUpClass" finished-at="2023-07-02T10:58:27 EDT" duration-ms="672" status="PASS">
          <params>
            <param index="0">
              <value>
                <![CDATA[org.testng.TestRunner@59939293]]>
              </value>
            </param>
          </params>
          <reporter-output>
          </reporter-output>
        </test-method> <!-- setUpClass -->
        <test-method signature="runScenario(io.cucumber.testng.PickleWrapper,io.cucumber.testng.FeatureWrapper)[pri:0, instance:com.regression.Runnerfile@60bd273d]" started-at="2023-07-02T10:58:27 EDT" name="runScenario" description="Runs Cucumber Scenarios" data-provider="scenarios" finished-at="2023-07-02T10:58:38 EDT" duration-ms="11264" status="PASS">
          <params>
            <param index="0">
              <value>
                <![CDATA["Login function test with valid credential."]]>
              </value>
            </param>
            <param index="1">
              <value>
                <![CDATA["Login function for Smarttech online Banking"]]>
              </value>
            </param>
          </params>
          <reporter-output>
          </reporter-output>
        </test-method> <!-- runScenario -->
        <test-method signature="runScenario(io.cucumber.testng.PickleWrapper,io.cucumber.testng.FeatureWrapper)[pri:0, instance:com.regression.Runnerfile@60bd273d]" started-at="2023-07-02T10:58:38 EDT" name="runScenario" description="Runs Cucumber Scenarios" data-provider="scenarios" finished-at="2023-07-02T10:58:44 EDT" duration-ms="5616" status="PASS">
          <params>
            <param index="0">
              <value>
                <![CDATA["Login function test with invalid credential."]]>
              </value>
            </param>
            <param index="1">
              <value>
                <![CDATA["Login function for Smarttech online Banking"]]>
              </value>
            </param>
          </params>
          <reporter-output>
          </reporter-output>
        </test-method> <!-- runScenario -->
        <test-method is-config="true" signature="tearDownClass()[pri:0, instance:com.regression.Runnerfile@60bd273d]" started-at="2023-07-02T10:58:44 EDT" name="tearDownClass" finished-at="2023-07-02T10:58:44 EDT" duration-ms="561" status="PASS">
          <reporter-output>
          </reporter-output>
        </test-method> <!-- tearDownClass -->
      </class> <!-- com.regression.Runnerfile -->
    </test> <!-- Default test -->
  </suite> <!-- Default suite -->
</testng-results>
